build/app/intermediates/manifest_merge_blame_file/release/manifest-merger-blame-release-report.txt
1<?xml version="1.0" encoding="utf-8"?>
2<manifest xmlns:android="http://schemas.android.com/apk/res/android"
3    package="com.tradehive.signals"
4    android:versionCode="18"
5    android:versionName="1.0.18" >
6
7    <uses-sdk
8        android:minSdkVersion="22"
8-->src\main\AndroidManifest.xml
9        android:targetSdkVersion="33" />
9-->src\main\AndroidManifest.xml
10
11    <uses-permission android:name="com.android.vending.BILLING" />
11-->src\main\AndroidManifest.xml:3:4-66
11-->src\main\AndroidManifest.xml:3:21-63
12
13    <queries>
13-->src\main\AndroidManifest.xml:5:4-25:14
14        <intent>
14-->src\main\AndroidManifest.xml:6:9-9:18
15            <action android:name="android.intent.action.VIEW" />
15-->src\main\AndroidManifest.xml:7:11-63
15-->src\main\AndroidManifest.xml:7:19-60
16
17            <data android:scheme="https" />
17-->src\main\AndroidManifest.xml:8:11-42
17-->src\main\AndroidManifest.xml:8:17-39
18        </intent>
19        <intent>
19-->src\main\AndroidManifest.xml:11:9-14:18
20            <action android:name="android.intent.action.DIAL" />
20-->src\main\AndroidManifest.xml:12:11-63
20-->src\main\AndroidManifest.xml:12:19-60
21
22            <data android:scheme="tel" />
22-->src\main\AndroidManifest.xml:8:11-42
22-->src\main\AndroidManifest.xml:8:17-39
23        </intent>
24        <intent>
24-->src\main\AndroidManifest.xml:16:9-19:18
25            <action android:name="android.intent.action.VIEW" />
25-->src\main\AndroidManifest.xml:7:11-63
25-->src\main\AndroidManifest.xml:7:19-60
26
27            <data android:scheme="sms" />
27-->src\main\AndroidManifest.xml:8:11-42
27-->src\main\AndroidManifest.xml:8:17-39
28        </intent>
29        <intent>
29-->src\main\AndroidManifest.xml:21:9-24:18
30            <action android:name="android.intent.action.SEND" />
30-->src\main\AndroidManifest.xml:22:11-63
30-->src\main\AndroidManifest.xml:22:19-60
31
32            <data android:mimeType="*/*" />
32-->src\main\AndroidManifest.xml:8:11-42
32-->src\main\AndroidManifest.xml:23:17-39
33        </intent>
34        <intent>
34-->[androidx.media2:media2-session:1.2.0] AndroidManifest.xml:25:9-27:18
35            <action android:name="android.media.browse.MediaBrowserService" />
35-->[androidx.media2:media2-session:1.2.0] AndroidManifest.xml:26:13-79
35-->[androidx.media2:media2-session:1.2.0] AndroidManifest.xml:26:21-76
36        </intent>
37        <intent>
37-->[androidx.media2:media2-session:1.2.0] AndroidManifest.xml:28:9-30:18
38            <action android:name="androidx.media2.session.MediaSessionService" />
38-->[androidx.media2:media2-session:1.2.0] AndroidManifest.xml:29:13-82
38-->[androidx.media2:media2-session:1.2.0] AndroidManifest.xml:29:21-79
39        </intent>
40        <intent>
40-->[androidx.media2:media2-session:1.2.0] AndroidManifest.xml:31:9-33:18
41            <action android:name="androidx.media2.session.MediaLibraryService" />
41-->[androidx.media2:media2-session:1.2.0] AndroidManifest.xml:32:13-82
41-->[androidx.media2:media2-session:1.2.0] AndroidManifest.xml:32:21-79
42        </intent>
43    </queries>
44
45    <uses-permission android:name="android.permission.FOREGROUND_SERVICE" />
45-->src\main\AndroidManifest.xml:71:5-77
45-->src\main\AndroidManifest.xml:71:22-74
46    <uses-permission android:name="android.permission.INTERNET" />
46-->[:firebase_messaging] AndroidManifest.xml:9:5-67
46-->[:firebase_messaging] AndroidManifest.xml:9:22-64
47    <uses-permission android:name="android.permission.WAKE_LOCK" />
47-->[:firebase_messaging] AndroidManifest.xml:10:5-68
47-->[:firebase_messaging] AndroidManifest.xml:10:22-65
48    <uses-permission android:name="android.permission.ACCESS_NETWORK_STATE" /> <!-- Permissions options for the `notification` group -->
48-->[:firebase_messaging] AndroidManifest.xml:11:5-79
48-->[:firebase_messaging] AndroidManifest.xml:11:22-76
49    <uses-permission android:name="android.permission.POST_NOTIFICATIONS" />
49-->[:firebase_messaging] AndroidManifest.xml:13:5-77
49-->[:firebase_messaging] AndroidManifest.xml:13:22-74
50    <uses-permission android:name="android.permission.RECEIVE_BOOT_COMPLETED" />
50-->[:flutter_local_notifications] AndroidManifest.xml:9:5-81
50-->[:flutter_local_notifications] AndroidManifest.xml:9:22-78
51    <uses-permission android:name="android.permission.VIBRATE" />
51-->[:flutter_local_notifications] AndroidManifest.xml:10:5-66
51-->[:flutter_local_notifications] AndroidManifest.xml:10:22-63
52    <uses-permission android:name="android.permission.USE_FULL_SCREEN_INTENT" />
52-->[:flutter_local_notifications] AndroidManifest.xml:11:5-81
52-->[:flutter_local_notifications] AndroidManifest.xml:11:22-78
53    <uses-permission android:name="android.permission.SCHEDULE_EXACT_ALARM" /> <!-- Required by older versions of Google Play services to create IID tokens -->
53-->[:flutter_local_notifications] AndroidManifest.xml:12:5-79
53-->[:flutter_local_notifications] AndroidManifest.xml:12:22-76
54    <uses-permission android:name="com.google.android.c2dm.permission.RECEIVE" />
54-->[com.google.firebase:firebase-iid:21.1.0] AndroidManifest.xml:26:5-82
54-->[com.google.firebase:firebase-iid:21.1.0] AndroidManifest.xml:26:22-79
55    <uses-permission android:name="com.google.android.gms.permission.AD_ID" />
55-->[com.google.android.gms:play-services-measurement-api:21.2.0] AndroidManifest.xml:25:5-79
55-->[com.google.android.gms:play-services-measurement-api:21.2.0] AndroidManifest.xml:25:22-76
56    <uses-permission android:name="com.google.android.finsky.permission.BIND_GET_INSTALL_REFERRER_SERVICE" />
56-->[com.google.android.gms:play-services-measurement:21.2.0] AndroidManifest.xml:26:5-110
56-->[com.google.android.gms:play-services-measurement:21.2.0] AndroidManifest.xml:26:22-107
57
58    <permission
58-->[androidx.core:core:1.9.0] AndroidManifest.xml:22:5-24:47
59        android:name="com.tradehive.signals.DYNAMIC_RECEIVER_NOT_EXPORTED_PERMISSION"
59-->[androidx.core:core:1.9.0] AndroidManifest.xml:23:9-81
60        android:protectionLevel="signature" />
60-->[androidx.core:core:1.9.0] AndroidManifest.xml:24:9-44
61
62    <uses-permission android:name="com.tradehive.signals.DYNAMIC_RECEIVER_NOT_EXPORTED_PERMISSION" />
62-->[androidx.core:core:1.9.0] AndroidManifest.xml:26:5-97
62-->[androidx.core:core:1.9.0] AndroidManifest.xml:26:22-94
63
64    <application
65        android:name="android.app.Application"
65-->src\main\AndroidManifest.xml:29:9-42
66        android:appComponentFactory="androidx.core.app.CoreComponentFactory"
66-->[androidx.core:core:1.9.0] AndroidManifest.xml:28:18-86
67        android:icon="@mipmap/ic_launcher"
67-->src\main\AndroidManifest.xml:30:9-43
68        android:label="TradeHive" >
68-->src\main\AndroidManifest.xml:28:9-34
69        <activity
69-->src\main\AndroidManifest.xml:31:9-53:20
70            android:name="com.tradehive.signals.MainActivity"
70-->src\main\AndroidManifest.xml:32:13-41
71            android:configChanges="orientation|keyboardHidden|keyboard|screenSize|smallestScreenSize|locale|layoutDirection|fontScale|screenLayout|density|uiMode"
71-->src\main\AndroidManifest.xml:35:13-163
72            android:exported="true"
72-->src\main\AndroidManifest.xml:39:13-36
73            android:hardwareAccelerated="true"
73-->src\main\AndroidManifest.xml:36:13-47
74            android:launchMode="singleTop"
74-->src\main\AndroidManifest.xml:33:13-43
75            android:theme="@style/LaunchTheme"
75-->src\main\AndroidManifest.xml:34:13-47
76            android:turnScreenOn="true"
76-->src\main\AndroidManifest.xml:38:13-40
77            android:windowSoftInputMode="adjustResize" >
77-->src\main\AndroidManifest.xml:37:13-55
78
79            <!--
80                 Specifies an Android theme to apply to this Activity as soon as
81                 the Android process has started. This theme is visible to the user
82                 while the Flutter UI initializes. After that, this theme continues
83                 to determine the Window background behind the Flutter UI.
84            -->
85            <meta-data
85-->src\main\AndroidManifest.xml:44:13-47:17
86                android:name="io.flutter.embedding.android.NormalTheme"
86-->src\main\AndroidManifest.xml:45:15-70
87                android:resource="@style/NormalTheme" />
87-->src\main\AndroidManifest.xml:46:15-52
88
89            <intent-filter>
89-->src\main\AndroidManifest.xml:49:13-52:29
90                <action android:name="android.intent.action.MAIN" />
90-->src\main\AndroidManifest.xml:50:17-68
90-->src\main\AndroidManifest.xml:50:25-66
91
92                <category android:name="android.intent.category.LAUNCHER" />
92-->src\main\AndroidManifest.xml:51:17-76
92-->src\main\AndroidManifest.xml:51:27-74
93            </intent-filter>
94        </activity>
95        <!--
96             Don't delete the meta-data below.
97             This is used by the Flutter tool to generate GeneratedPluginRegistrant.java
98        -->
99
100        <meta-data
100-->src\main\AndroidManifest.xml:57:7-60:9
101            android:name="com.google.firebase.messaging.default_notification_icon"
101-->src\main\AndroidManifest.xml:58:9-79
102            android:resource="@drawable/notification_icon" />
102-->src\main\AndroidManifest.xml:59:9-55
103        <meta-data
103-->src\main\AndroidManifest.xml:62:9-64:33
104            android:name="flutterEmbedding"
104-->src\main\AndroidManifest.xml:63:13-44
105            android:value="2" />
105-->src\main\AndroidManifest.xml:64:13-30
106
107        <service
107-->src\main\AndroidManifest.xml:66:9-69:43
108            android:name="com.dexterous.flutterlocalnotifications.ForegroundService"
108-->src\main\AndroidManifest.xml:67:13-85
109            android:exported="false"
109-->src\main\AndroidManifest.xml:68:13-37
110            android:stopWithTask="false" />
110-->src\main\AndroidManifest.xml:69:13-41
111        <service
111-->[:firebase_messaging] AndroidManifest.xml:16:9-19:72
112            android:name="io.flutter.plugins.firebase.messaging.FlutterFirebaseMessagingBackgroundService"
112-->[:firebase_messaging] AndroidManifest.xml:17:13-107
113            android:exported="false"
113-->[:firebase_messaging] AndroidManifest.xml:18:13-37
114            android:permission="android.permission.BIND_JOB_SERVICE" />
114-->[:firebase_messaging] AndroidManifest.xml:19:13-69
115        <service
115-->[:firebase_messaging] AndroidManifest.xml:20:9-26:19
116            android:name="io.flutter.plugins.firebase.messaging.FlutterFirebaseMessagingService"
116-->[:firebase_messaging] AndroidManifest.xml:21:13-97
117            android:exported="false" >
117-->[:firebase_messaging] AndroidManifest.xml:22:13-37
118            <intent-filter>
118-->[:firebase_messaging] AndroidManifest.xml:23:13-25:29
119                <action android:name="com.google.firebase.MESSAGING_EVENT" />
119-->[:firebase_messaging] AndroidManifest.xml:24:17-78
119-->[:firebase_messaging] AndroidManifest.xml:24:25-75
120            </intent-filter>
121        </service>
122
123        <receiver
123-->[:firebase_messaging] AndroidManifest.xml:28:9-35:20
124            android:name="io.flutter.plugins.firebase.messaging.FlutterFirebaseMessagingReceiver"
124-->[:firebase_messaging] AndroidManifest.xml:29:13-98
125            android:exported="true"
125-->[:firebase_messaging] AndroidManifest.xml:30:13-36
126            android:permission="com.google.android.c2dm.permission.SEND" >
126-->[:firebase_messaging] AndroidManifest.xml:31:13-73
127            <intent-filter>
127-->[:firebase_messaging] AndroidManifest.xml:32:13-34:29
128                <action android:name="com.google.android.c2dm.intent.RECEIVE" />
128-->[:firebase_messaging] AndroidManifest.xml:33:17-81
128-->[:firebase_messaging] AndroidManifest.xml:33:25-78
129            </intent-filter>
130        </receiver>
131
132        <service
132-->[:firebase_messaging] AndroidManifest.xml:37:9-41:19
133            android:name="com.google.firebase.components.ComponentDiscoveryService"
133-->[:firebase_messaging] AndroidManifest.xml:37:18-89
134            android:directBootAware="true"
134-->[com.google.firebase:firebase-common:20.3.0] AndroidManifest.xml:34:13-43
135            android:exported="false" >
135-->[com.google.firebase:firebase-auth:21.1.0] AndroidManifest.xml:66:13-37
136            <meta-data
136-->[:firebase_messaging] AndroidManifest.xml:38:13-40:85
137                android:name="com.google.firebase.components:io.flutter.plugins.firebase.messaging.FlutterFirebaseAppRegistrar"
137-->[:firebase_messaging] AndroidManifest.xml:39:17-128
138                android:value="com.google.firebase.components.ComponentRegistrar" />
138-->[:firebase_messaging] AndroidManifest.xml:40:17-82
139            <meta-data
139-->[:firebase_crashlytics] AndroidManifest.xml:11:13-13:85
140                android:name="com.google.firebase.components:io.flutter.plugins.firebase.crashlytics.FlutterFirebaseAppRegistrar"
140-->[:firebase_crashlytics] AndroidManifest.xml:12:17-130
141                android:value="com.google.firebase.components.ComponentRegistrar" />
141-->[:firebase_crashlytics] AndroidManifest.xml:13:17-82
142            <meta-data
142-->[:cloud_firestore] AndroidManifest.xml:11:13-13:85
143                android:name="com.google.firebase.components:io.flutter.plugins.firebase.firestore.FlutterFirebaseFirestoreRegistrar"
143-->[:cloud_firestore] AndroidManifest.xml:12:17-134
144                android:value="com.google.firebase.components.ComponentRegistrar" />
144-->[:cloud_firestore] AndroidManifest.xml:13:17-82
145            <meta-data
145-->[:firebase_analytics] AndroidManifest.xml:15:13-17:85
146                android:name="com.google.firebase.components:io.flutter.plugins.firebase.analytics.FlutterFirebaseAppRegistrar"
146-->[:firebase_analytics] AndroidManifest.xml:16:17-128
147                android:value="com.google.firebase.components.ComponentRegistrar" />
147-->[:firebase_analytics] AndroidManifest.xml:17:17-82
148            <meta-data
148-->[:firebase_auth] AndroidManifest.xml:11:13-13:85
149                android:name="com.google.firebase.components:io.flutter.plugins.firebase.auth.FlutterFirebaseAuthRegistrar"
149-->[:firebase_auth] AndroidManifest.xml:12:17-124
150                android:value="com.google.firebase.components.ComponentRegistrar" />
150-->[:firebase_auth] AndroidManifest.xml:13:17-82
151            <meta-data
151-->[:firebase_storage] AndroidManifest.xml:11:13-13:85
152                android:name="com.google.firebase.components:io.flutter.plugins.firebase.storage.FlutterFirebaseAppRegistrar"
152-->[:firebase_storage] AndroidManifest.xml:12:17-126
153                android:value="com.google.firebase.components.ComponentRegistrar" />
153-->[:firebase_storage] AndroidManifest.xml:13:17-82
154            <meta-data
154-->[:firebase_core] AndroidManifest.xml:11:13-13:85
155                android:name="com.google.firebase.components:io.flutter.plugins.firebase.core.FlutterFirebaseCoreRegistrar"
155-->[:firebase_core] AndroidManifest.xml:12:17-124
156                android:value="com.google.firebase.components.ComponentRegistrar" />
156-->[:firebase_core] AndroidManifest.xml:13:17-82
157            <meta-data
157-->[com.google.firebase:firebase-auth:21.1.0] AndroidManifest.xml:67:13-69:85
158                android:name="com.google.firebase.components:com.google.firebase.auth.FirebaseAuthRegistrar"
158-->[com.google.firebase:firebase-auth:21.1.0] AndroidManifest.xml:68:17-109
159                android:value="com.google.firebase.components.ComponentRegistrar" />
159-->[com.google.firebase:firebase-auth:21.1.0] AndroidManifest.xml:69:17-82
160            <meta-data
160-->[com.google.firebase:firebase-iid:21.1.0] AndroidManifest.xml:32:13-34:85
161                android:name="com.google.firebase.components:com.google.firebase.iid.Registrar"
161-->[com.google.firebase:firebase-iid:21.1.0] AndroidManifest.xml:33:17-96
162                android:value="com.google.firebase.components.ComponentRegistrar" />
162-->[com.google.firebase:firebase-iid:21.1.0] AndroidManifest.xml:34:17-82
163            <meta-data
163-->[com.google.firebase:firebase-firestore:24.4.3] AndroidManifest.xml:19:13-21:85
164                android:name="com.google.firebase.components:com.google.firebase.firestore.FirestoreRegistrar"
164-->[com.google.firebase:firebase-firestore:24.4.3] AndroidManifest.xml:20:17-111
165                android:value="com.google.firebase.components.ComponentRegistrar" />
165-->[com.google.firebase:firebase-firestore:24.4.3] AndroidManifest.xml:21:17-82
166            <meta-data
166-->[com.google.firebase:firebase-messaging:23.1.1] AndroidManifest.xml:55:13-57:85
167                android:name="com.google.firebase.components:com.google.firebase.messaging.FirebaseMessagingRegistrar"
167-->[com.google.firebase:firebase-messaging:23.1.1] AndroidManifest.xml:56:17-119
168                android:value="com.google.firebase.components.ComponentRegistrar" />
168-->[com.google.firebase:firebase-messaging:23.1.1] AndroidManifest.xml:57:17-82
169            <meta-data
169-->[com.google.firebase:firebase-crashlytics:18.3.5] AndroidManifest.xml:17:13-19:85
170                android:name="com.google.firebase.components:com.google.firebase.crashlytics.CrashlyticsRegistrar"
170-->[com.google.firebase:firebase-crashlytics:18.3.5] AndroidManifest.xml:18:17-115
171                android:value="com.google.firebase.components.ComponentRegistrar" />
171-->[com.google.firebase:firebase-crashlytics:18.3.5] AndroidManifest.xml:19:17-82
172            <meta-data
172-->[com.google.firebase:firebase-storage:20.1.0] AndroidManifest.xml:32:13-34:85
173                android:name="com.google.firebase.components:com.google.firebase.storage.StorageRegistrar"
173-->[com.google.firebase:firebase-storage:20.1.0] AndroidManifest.xml:33:17-107
174                android:value="com.google.firebase.components.ComponentRegistrar" />
174-->[com.google.firebase:firebase-storage:20.1.0] AndroidManifest.xml:34:17-82
175            <meta-data
175-->[com.google.android.gms:play-services-measurement-api:21.2.0] AndroidManifest.xml:31:13-33:85
176                android:name="com.google.firebase.components:com.google.firebase.analytics.connector.internal.AnalyticsConnectorRegistrar"
176-->[com.google.android.gms:play-services-measurement-api:21.2.0] AndroidManifest.xml:32:17-139
177                android:value="com.google.firebase.components.ComponentRegistrar" />
177-->[com.google.android.gms:play-services-measurement-api:21.2.0] AndroidManifest.xml:33:17-82
178            <meta-data
178-->[com.google.firebase:firebase-installations:17.1.2] AndroidManifest.xml:17:13-19:85
179                android:name="com.google.firebase.components:com.google.firebase.installations.FirebaseInstallationsRegistrar"
179-->[com.google.firebase:firebase-installations:17.1.2] AndroidManifest.xml:18:17-127
180                android:value="com.google.firebase.components.ComponentRegistrar" />
180-->[com.google.firebase:firebase-installations:17.1.2] AndroidManifest.xml:19:17-82
181            <meta-data
181-->[com.google.firebase:firebase-datatransport:18.1.7] AndroidManifest.xml:27:13-29:85
182                android:name="com.google.firebase.components:com.google.firebase.datatransport.TransportRegistrar"
182-->[com.google.firebase:firebase-datatransport:18.1.7] AndroidManifest.xml:28:17-115
183                android:value="com.google.firebase.components.ComponentRegistrar" />
183-->[com.google.firebase:firebase-datatransport:18.1.7] AndroidManifest.xml:29:17-82
184        </service>
185
186        <provider
186-->[:firebase_messaging] AndroidManifest.xml:43:9-47:38
187            android:name="io.flutter.plugins.firebase.messaging.FlutterFirebaseMessagingInitProvider"
187-->[:firebase_messaging] AndroidManifest.xml:44:13-102
188            android:authorities="com.tradehive.signals.flutterfirebasemessaginginitprovider"
188-->[:firebase_messaging] AndroidManifest.xml:45:13-88
189            android:exported="false"
189-->[:firebase_messaging] AndroidManifest.xml:46:13-37
190            android:initOrder="99" />
190-->[:firebase_messaging] AndroidManifest.xml:47:13-35
191
192        <receiver
192-->[:flutter_local_notifications] AndroidManifest.xml:16:9-18:40
193            android:name="com.dexterous.flutterlocalnotifications.ActionBroadcastReceiver"
193-->[:flutter_local_notifications] AndroidManifest.xml:17:13-91
194            android:exported="false" />
194-->[:flutter_local_notifications] AndroidManifest.xml:18:13-37
195        <receiver
195-->[:flutter_local_notifications] AndroidManifest.xml:19:9-21:40
196            android:name="com.dexterous.flutterlocalnotifications.ScheduledNotificationReceiver"
196-->[:flutter_local_notifications] AndroidManifest.xml:20:13-97
197            android:exported="false" />
197-->[:flutter_local_notifications] AndroidManifest.xml:21:13-37
198        <receiver
198-->[:flutter_local_notifications] AndroidManifest.xml:22:9-31:20
199            android:name="com.dexterous.flutterlocalnotifications.ScheduledNotificationBootReceiver"
199-->[:flutter_local_notifications] AndroidManifest.xml:23:13-101
200            android:exported="false" >
200-->[:flutter_local_notifications] AndroidManifest.xml:24:13-37
201            <intent-filter>
201-->[:flutter_local_notifications] AndroidManifest.xml:25:13-30:29
202                <action android:name="android.intent.action.BOOT_COMPLETED" />
202-->[:flutter_local_notifications] AndroidManifest.xml:26:17-79
202-->[:flutter_local_notifications] AndroidManifest.xml:26:25-76
203                <action android:name="android.intent.action.MY_PACKAGE_REPLACED" />
203-->[:flutter_local_notifications] AndroidManifest.xml:27:17-84
203-->[:flutter_local_notifications] AndroidManifest.xml:27:25-81
204                <action android:name="android.intent.action.QUICKBOOT_POWERON" />
204-->[:flutter_local_notifications] AndroidManifest.xml:28:17-82
204-->[:flutter_local_notifications] AndroidManifest.xml:28:25-79
205                <action android:name="com.htc.intent.action.QUICKBOOT_POWERON" />
205-->[:flutter_local_notifications] AndroidManifest.xml:29:17-82
205-->[:flutter_local_notifications] AndroidManifest.xml:29:25-79
206            </intent-filter>
207        </receiver>
208        <!--
209           Declares a provider which allows us to store files to share in
210           '.../caches/share_plus' and grant the receiving action access
211        -->
212        <provider
212-->[:share_plus] AndroidManifest.xml:15:9-23:20
213            android:name="dev.fluttercommunity.plus.share.ShareFileProvider"
213-->[:share_plus] AndroidManifest.xml:16:13-77
214            android:authorities="com.tradehive.signals.flutter.share_provider"
214-->[:share_plus] AndroidManifest.xml:17:13-74
215            android:exported="false"
215-->[:share_plus] AndroidManifest.xml:18:13-37
216            android:grantUriPermissions="true" >
216-->[:share_plus] AndroidManifest.xml:19:13-47
217            <meta-data
217-->[:share_plus] AndroidManifest.xml:20:13-22:68
218                android:name="android.support.FILE_PROVIDER_PATHS"
218-->[:share_plus] AndroidManifest.xml:21:17-67
219                android:resource="@xml/flutter_share_file_paths" />
219-->[:share_plus] AndroidManifest.xml:22:17-65
220        </provider>
221        <!--
222           This manifest declared broadcast receiver allows us to use an explicit
223           Intent when creating a PendingItent to be informed of the user's choice
224        -->
225        <receiver
225-->[:share_plus] AndroidManifest.xml:28:9-34:20
226            android:name="dev.fluttercommunity.plus.share.SharePlusPendingIntent"
226-->[:share_plus] AndroidManifest.xml:29:13-82
227            android:exported="true" >
227-->[:share_plus] AndroidManifest.xml:30:13-36
228            <intent-filter>
228-->[:share_plus] AndroidManifest.xml:31:13-33:29
229                <action android:name="EXTRA_CHOSEN_COMPONENT" />
229-->[:share_plus] AndroidManifest.xml:32:17-65
229-->[:share_plus] AndroidManifest.xml:32:25-62
230            </intent-filter>
231        </receiver>
232
233        <provider
233-->[:image_picker_android] AndroidManifest.xml:10:9-18:20
234            android:name="io.flutter.plugins.imagepicker.ImagePickerFileProvider"
234-->[:image_picker_android] AndroidManifest.xml:11:13-82
235            android:authorities="com.tradehive.signals.flutter.image_provider"
235-->[:image_picker_android] AndroidManifest.xml:12:13-74
236            android:exported="false"
236-->[:image_picker_android] AndroidManifest.xml:13:13-37
237            android:grantUriPermissions="true" >
237-->[:image_picker_android] AndroidManifest.xml:14:13-47
238            <meta-data
238-->[:share_plus] AndroidManifest.xml:20:13-22:68
239                android:name="android.support.FILE_PROVIDER_PATHS"
239-->[:share_plus] AndroidManifest.xml:21:17-67
240                android:resource="@xml/flutter_image_picker_file_paths" />
240-->[:share_plus] AndroidManifest.xml:22:17-65
241        </provider>
242
243        <activity
243-->[:url_launcher_android] AndroidManifest.xml:10:9-13:74
244            android:name="io.flutter.plugins.urllauncher.WebViewActivity"
244-->[:url_launcher_android] AndroidManifest.xml:11:13-74
245            android:exported="false"
245-->[:url_launcher_android] AndroidManifest.xml:12:13-37
246            android:theme="@android:style/Theme.NoTitleBar.Fullscreen" />
246-->[:url_launcher_android] AndroidManifest.xml:13:13-71
247        <activity
247-->[com.google.android.gms:play-services-auth:20.4.1] AndroidManifest.xml:23:9-27:75
248            android:name="com.google.android.gms.auth.api.signin.internal.SignInHubActivity"
248-->[com.google.android.gms:play-services-auth:20.4.1] AndroidManifest.xml:24:13-93
249            android:excludeFromRecents="true"
249-->[com.google.android.gms:play-services-auth:20.4.1] AndroidManifest.xml:25:13-46
250            android:exported="false"
250-->[com.google.android.gms:play-services-auth:20.4.1] AndroidManifest.xml:26:13-37
251            android:theme="@android:style/Theme.Translucent.NoTitleBar" />
251-->[com.google.android.gms:play-services-auth:20.4.1] AndroidManifest.xml:27:13-72
252        <!--
253            Service handling Google Sign-In user revocation. For apps that do not integrate with
254            Google Sign-In, this service will never be started.
255        -->
256        <service
256-->[com.google.android.gms:play-services-auth:20.4.1] AndroidManifest.xml:33:9-37:51
257            android:name="com.google.android.gms.auth.api.signin.RevocationBoundService"
257-->[com.google.android.gms:play-services-auth:20.4.1] AndroidManifest.xml:34:13-89
258            android:exported="true"
258-->[com.google.android.gms:play-services-auth:20.4.1] AndroidManifest.xml:35:13-36
259            android:permission="com.google.android.gms.auth.api.signin.permission.REVOCATION_NOTIFICATION"
259-->[com.google.android.gms:play-services-auth:20.4.1] AndroidManifest.xml:36:13-107
260            android:visibleToInstantApps="true" />
260-->[com.google.android.gms:play-services-auth:20.4.1] AndroidManifest.xml:37:13-48
261
262        <activity
262-->[com.google.firebase:firebase-auth:21.1.0] AndroidManifest.xml:27:9-44:20
263            android:name="com.google.firebase.auth.internal.GenericIdpActivity"
263-->[com.google.firebase:firebase-auth:21.1.0] AndroidManifest.xml:28:13-80
264            android:excludeFromRecents="true"
264-->[com.google.firebase:firebase-auth:21.1.0] AndroidManifest.xml:29:13-46
265            android:exported="true"
265-->[com.google.firebase:firebase-auth:21.1.0] AndroidManifest.xml:30:13-36
266            android:launchMode="singleTask"
266-->[com.google.firebase:firebase-auth:21.1.0] AndroidManifest.xml:31:13-44
267            android:theme="@android:style/Theme.Translucent.NoTitleBar" >
267-->[com.google.firebase:firebase-auth:21.1.0] AndroidManifest.xml:32:13-72
268            <intent-filter>
268-->[com.google.firebase:firebase-auth:21.1.0] AndroidManifest.xml:33:13-43:29
269                <action android:name="android.intent.action.VIEW" />
269-->src\main\AndroidManifest.xml:7:11-63
269-->src\main\AndroidManifest.xml:7:19-60
270
271                <category android:name="android.intent.category.DEFAULT" />
271-->[com.google.firebase:firebase-auth:21.1.0] AndroidManifest.xml:36:17-76
271-->[com.google.firebase:firebase-auth:21.1.0] AndroidManifest.xml:36:27-73
272                <category android:name="android.intent.category.BROWSABLE" />
272-->[com.google.firebase:firebase-auth:21.1.0] AndroidManifest.xml:37:17-78
272-->[com.google.firebase:firebase-auth:21.1.0] AndroidManifest.xml:37:27-75
273
274                <data
274-->src\main\AndroidManifest.xml:8:11-42
275                    android:host="firebase.auth"
276                    android:path="/"
277                    android:scheme="genericidp" />
277-->src\main\AndroidManifest.xml:8:17-39
278            </intent-filter>
279        </activity>
280        <activity
280-->[com.google.firebase:firebase-auth:21.1.0] AndroidManifest.xml:45:9-62:20
281            android:name="com.google.firebase.auth.internal.RecaptchaActivity"
281-->[com.google.firebase:firebase-auth:21.1.0] AndroidManifest.xml:46:13-79
282            android:excludeFromRecents="true"
282-->[com.google.firebase:firebase-auth:21.1.0] AndroidManifest.xml:47:13-46
283            android:exported="true"
283-->[com.google.firebase:firebase-auth:21.1.0] AndroidManifest.xml:48:13-36
284            android:launchMode="singleTask"
284-->[com.google.firebase:firebase-auth:21.1.0] AndroidManifest.xml:49:13-44
285            android:theme="@android:style/Theme.Translucent.NoTitleBar" >
285-->[com.google.firebase:firebase-auth:21.1.0] AndroidManifest.xml:50:13-72
286            <intent-filter>